android/app/build/intermediates/manifest_merge_blame_file/debug/manifest-merger-blame-debug-report.txt
1<?xml version="1.0" encoding="utf-8"?>
2<manifest xmlns:android="http://schemas.android.com/apk/res/android"
3    package="com.example.myapplication"
4    android:versionCode="1"
5    android:versionName="1.0" >
6
7    <uses-sdk
8        android:minSdkVersion="21"
8-->src\main\AndroidManifest.xml
9        android:targetSdkVersion="32" />
9-->src\main\AndroidManifest.xml
10
11    <!-- Although the *SdkVersion is captured in gradle build files, this is required for non gradle builds -->
12    <!-- <uses-sdk android:minSdkVersion="14"/> -->
13    <uses-permission android:name="android.permission.ACCESS_NETWORK_STATE" />
13-->[com.google.firebase:firebase-database:20.0.6] AndroidManifest.xml:25:5-79
13-->[com.google.firebase:firebase-database:20.0.6] AndroidManifest.xml:25:22-76
14    <uses-permission android:name="android.permission.INTERNET" />
14-->[com.google.firebase:firebase-database:20.0.6] AndroidManifest.xml:26:5-67
14-->[com.google.firebase:firebase-database:20.0.6] AndroidManifest.xml:26:22-64
15    <uses-permission android:name="android.permission.WAKE_LOCK" />
15-->[com.google.android.gms:play-services-measurement-api:21.1.1] AndroidManifest.xml:24:5-68
15-->[com.google.android.gms:play-services-measurement-api:21.1.1] AndroidManifest.xml:24:22-65
16    <uses-permission android:name="com.google.android.gms.permission.AD_ID" />
16-->[com.google.android.gms:play-services-measurement-api:21.1.1] AndroidManifest.xml:25:5-79
16-->[com.google.android.gms:play-services-measurement-api:21.1.1] AndroidManifest.xml:25:22-76
17    <uses-permission android:name="com.google.android.finsky.permission.BIND_GET_INSTALL_REFERRER_SERVICE" />
17-->[com.google.android.gms:play-services-measurement:21.1.1] AndroidManifest.xml:26:5-110
17-->[com.google.android.gms:play-services-measurement:21.1.1] AndroidManifest.xml:26:22-107
18
19    <application
19-->src\main\AndroidManifest.xml:5:5-14:32
20        android:allowBackup="true"
20-->src\main\AndroidManifest.xml:6:9-35
21        android:appComponentFactory="androidx.core.app.CoreComponentFactory"
21-->[androidx.core:core:1.7.0] AndroidManifest.xml:24:18-86
22        android:dataExtractionRules="@xml/data_extraction_rules"
22-->src\main\AndroidManifest.xml:7:9-65
23        android:debuggable="true"
24        android:fullBackupContent="@xml/backup_rules"
24-->src\main\AndroidManifest.xml:8:9-54
25        android:icon="@mipmap/ic_launcher"
25-->src\main\AndroidManifest.xml:9:9-43
26        android:label="@string/app_name"
26-->src\main\AndroidManifest.xml:10:9-41
27        android:roundIcon="@mipmap/ic_launcher_round"
27-->src\main\AndroidManifest.xml:11:9-54
28        android:supportsRtl="true"
28-->src\main\AndroidManifest.xml:12:9-35
29        android:testOnly="true"
30        android:theme="@style/Theme.MyApplication" >
30-->src\main\AndroidManifest.xml:13:9-51
31        <service
31-->[com.google.firebase:firebase-database:20.0.6] AndroidManifest.xml:29:9-35:19
32            android:name="com.google.firebase.components.ComponentDiscoveryService"
32-->[com.google.firebase:firebase-database:20.0.6] AndroidManifest.xml:30:13-84
33            android:directBootAware="true"
33-->[com.google.firebase:firebase-common:20.1.2] AndroidManifest.xml:35:13-43
34            android:exported="false" >
34-->[com.google.firebase:firebase-database:20.0.6] AndroidManifest.xml:31:13-37
35            <meta-data
35-->[com.google.firebase:firebase-database:20.0.6] AndroidManifest.xml:32:13-34:85
36                android:name="com.google.firebase.components:com.google.firebase.database.DatabaseRegistrar"
36-->[com.google.firebase:firebase-database:20.0.6] AndroidManifest.xml:33:17-109
37                android:value="com.google.firebase.components.ComponentRegistrar" />
37-->[com.google.firebase:firebase-database:20.0.6] AndroidManifest.xml:34:17-82
38            <meta-data
38-->[com.google.android.gms:play-services-measurement-api:21.1.1] AndroidManifest.xml:31:13-33:85
39                android:name="com.google.firebase.components:com.google.firebase.analytics.connector.internal.AnalyticsConnectorRegistrar"
39-->[com.google.android.gms:play-services-measurement-api:21.1.1] AndroidManifest.xml:32:17-139
40                android:value="com.google.firebase.components.ComponentRegistrar" />
40-->[com.google.android.gms:play-services-measurement-api:21.1.1] AndroidManifest.xml:33:17-82
41            <meta-data
41-->[com.google.firebase:firebase-installations:17.0.2] AndroidManifest.xml:18:13-20:85
42                android:name="com.google.firebase.components:com.google.firebase.installations.FirebaseInstallationsRegistrar"
42-->[com.google.firebase:firebase-installations:17.0.2] AndroidManifest.xml:19:17-127
43                android:value="com.google.firebase.components.ComponentRegistrar" />
43-->[com.google.firebase:firebase-installations:17.0.2] AndroidManifest.xml:20:17-82
44        </service>
45
46        <provider
46-->[com.google.firebase:firebase-common:20.1.2] AndroidManifest.xml:26:9-31:39
47            android:name="com.google.firebase.provider.FirebaseInitProvider"
47-->[com.google.firebase:firebase-common:20.1.2] AndroidManifest.xml:27:13-77
48            android:authorities="com.example.myapplication.firebaseinitprovider"
48-->[com.google.firebase:firebase-common:20.1.2] AndroidManifest.xml:28:13-72
49            android:directBootAware="true"
49-->[com.google.firebase:firebase-common:20.1.2] AndroidManifest.xml:29:13-43
50            android:exported="false"
50-->[com.google.firebase:firebase-common:20.1.2] AndroidManifest.xml:30:13-37
51            android:initOrder="100" />
51-->[com.google.firebase:firebase-common:20.1.2] AndroidManifest.xml:31:13-36
52
53        <activity
53-->[com.google.android.gms:play-services-base:18.0.1] AndroidManifest.xml:20:9-22:45
54            android:name="com.google.android.gms.common.api.GoogleApiActivity"
54-->[com.google.android.gms:play-services-base:18.0.1] AndroidManifest.xml:20:19-85
55            android:exported="false"
55-->[com.google.android.gms:play-services-base:18.0.1] AndroidManifest.xml:22:19-43
56            android:theme="@android:style/Theme.Translucent.NoTitleBar" />
56-->[com.google.android.gms:play-services-base:18.0.1] AndroidManifest.xml:21:19-78
57
58        <receiver
58-->[com.google.android.gms:play-services-measurement:21.1.1] AndroidManifest.xml:29:9-33:20
59            android:name="com.google.android.gms.measurement.AppMeasurementReceiver"
59-->[com.google.android.gms:play-services-measurement:21.1.1] AndroidManifest.xml:30:13-85
60            android:enabled="true"
60-->[com.google.android.gms:play-services-measurement:21.1.1] AndroidManifest.xml:31:13-35
61            android:exported="false" >
61-->[com.google.android.gms:play-services-measurement:21.1.1] AndroidManifest.xml:32:13-37
62        </receiver>
63
64        <service
64-->[com.google.android.gms:play-services-measurement:21.1.1] AndroidManifest.xml:35:9-38:40
65            android:name="com.google.android.gms.measurement.AppMeasurementService"
65-->[com.google.android.gms:play-services-measurement:21.1.1] AndroidManifest.xml:36:13-84
66            android:enabled="true"
66-->[com.google.android.gms:play-services-measurement:21.1.1] AndroidManifest.xml:37:13-35
67            android:exported="false" />
67-->[com.google.android.gms:play-services-measurement:21.1.1] AndroidManifest.xml:38:13-37
68        <service
68-->[com.google.android.gms:play-services-measurement:21.1.1] AndroidManifest.xml:39:9-43:72
69            android:name="com.google.android.gms.measurement.AppMeasurementJobService"
69-->[com.google.android.gms:play-services-measurement:21.1.1] AndroidManifest.xml:40:13-87
70            android:enabled="true"
70-->[com.google.android.gms:play-services-measurement:21.1.1] AndroidManifest.xml:41:13-35
71            android:exported="false"
71-->[com.google.android.gms:play-services-measurement:21.1.1] AndroidManifest.xml:42:13-37
72            android:permission="android.permission.BIND_JOB_SERVICE" />
72-->[com.google.android.gms:play-services-measurement:21.1.1] AndroidManifest.xml:43:13-69
73
74        <meta-data
74-->[com.google.android.gms:play-services-basement:18.1.0] AndroidManifest.xml:21:9-23:69
75            android:name="com.google.android.gms.version"
75-->[com.google.android.gms:play-services-basement:18.1.0] AndroidManifest.xml:22:13-58
76            android:value="@integer/google_play_services_version" />
76-->[com.google.android.gms:play-services-basement:18.1.0] AndroidManifest.xml:23:13-66
77
78        <provider
78-->[androidx.emoji2:emoji2:1.0.0] AndroidManifest.xml:26:9-34:20
79            android:name="androidx.startup.InitializationProvider"
79-->[androidx.emoji2:emoji2:1.0.0] AndroidManifest.xml:27:13-67
80            android:authorities="com.example.myapplication.androidx-startup"
80-->[androidx.emoji2:emoji2:1.0.0] AndroidManifest.xml:28:13-68
81            android:exported="false" >
81-->[androidx.emoji2:emoji2:1.0.0] AndroidManifest.xml:29:13-37
82            <meta-data
82-->[androidx.emoji2:emoji2:1.0.0] AndroidManifest.xml:31:13-33:52
83                android:name="androidx.emoji2.text.EmojiCompatInitializer"
83-->[androidx.emoji2:emoji2:1.0.0] AndroidManifest.xml:32:17-75
84                android:value="androidx.startup" />
84-->[androidx.emoji2:emoji2:1.0.0] AndroidManifest.xml:33:17-49
85            <meta-data
85-->[androidx.lifecycle:lifecycle-process:2.4.0] AndroidManifest.xml:31:13-33:52
86                android:name="androidx.lifecycle.ProcessLifecycleInitializer"
86-->[androidx.lifecycle:lifecycle-process:2.4.0] AndroidManifest.xml:32:17-78
87                android:value="androidx.startup" />
87-->[androidx.lifecycle:lifecycle-process:2.4.0] AndroidManifest.xml:33:17-49
88        </provider>
89    </application>
90
91</manifest>